Using pre-set license

 COMMAND LINE ARGUMENTS:
/Users/veritas/Unity/2020.3.10f1/Unity.app/Contents/MacOS/Unity
-adb2
-batchMode
-noUpm
-name
AssetImportWorker0
-projectPath
/Users/veritas/holbertonschool-unity/0x05-unity-assets_models_textures
-logFile
Logs/AssetImportWorker0.log
-srvPort
56696
Successfully changed project path to: /Users/veritas/holbertonschool-unity/0x05-unity-assets_models_textures
/Users/veritas/holbertonschool-unity/0x05-unity-assets_models_textures
Using Asset Import Pipeline V2.
Refreshing native plugins compatible for Editor in 30.71 ms, found 2 plugins.
Preloading 0 native plugins for Editor in 0.00 ms.
Initialize engine version: 2020.3.10f1 (297d780c91bc)
[Subsystems] Discovering subsystems at path /Users/veritas/Unity/2020.3.10f1/Unity.app/Contents/Resources/UnitySubsystems
[Subsystems] Discovering subsystems at path /Users/veritas/holbertonschool-unity/0x05-unity-assets_models_textures/Assets
GfxDevice: creating device client; threaded=0
2021-08-31 18:48:50.651 Unity[6413:306098] Color LCD preferred device: Intel Iris Pro Graphics (low power)
2021-08-31 18:48:50.651 Unity[6413:306098] Metal devices available: 2
2021-08-31 18:48:50.651 Unity[6413:306098] 0: AMD Radeon R9 M370X (high power)
2021-08-31 18:48:50.651 Unity[6413:306098] 1: Intel Iris Pro Graphics (low power)
2021-08-31 18:48:50.652 Unity[6413:306098] Using device AMD Radeon R9 M370X (high power)
Initializing Metal device caps: AMD Radeon R9 M370X
Initialize mono
Mono path[0] = '/Users/veritas/Unity/2020.3.10f1/Unity.app/Contents/Managed'
Mono path[1] = '/Users/veritas/Unity/2020.3.10f1/Unity.app/Contents/MonoBleedingEdge/lib/mono/unityjit'
Mono config path = '/Users/veritas/Unity/2020.3.10f1/Unity.app/Contents/MonoBleedingEdge/etc'
Using monoOptions --debugger-agent=transport=dt_socket,embedding=1,server=y,suspend=n,address=127.0.0.1:56413
Begin MonoManager ReloadAssembly
Registering precompiled unity dll's ...
Register platform support module: /Users/veritas/Unity/2020.3.10f1/Unity.app/Contents/PlaybackEngines/MacStandaloneSupport/UnityEditor.OSXStandalone.Extensions.dll
Registered in 0.000552 seconds.
Native extension for OSXStandalone target not found
Refreshing native plugins compatible for Editor in 29.98 ms, found 2 plugins.
Preloading 0 native plugins for Editor in 0.00 ms.
Mono: successfully reloaded assembly
- Completed reload, in  2.875 seconds
Platform modules already initialized, skipping
Registering precompiled user dll's ...
Registered in 0.001519 seconds.
Begin MonoManager ReloadAssembly
Native extension for OSXStandalone target not found
Refreshing native plugins compatible for Editor in 0.45 ms, found 2 plugins.
Preloading 0 native plugins for Editor in 0.00 ms.
Mono: successfully reloaded assembly
- Completed reload, in  1.249 seconds
Platform modules already initialized, skipping
========================================================================
Worker process is ready to serve import requests
Launching external process: /Users/veritas/Unity/2020.3.10f1/Unity.app/Contents/Tools/UnityShaderCompiler
Launched and connected shader compiler UnityShaderCompiler after 0.01 seconds
Refreshing native plugins compatible for Editor in 0.31 ms, found 2 plugins.
Preloading 0 native plugins for Editor in 0.00 ms.
Unloading 1386 Unused Serialized files (Serialized files now loaded: 0)
System memory in use before: 137.2 MB.
System memory in use after: 137.3 MB.

Unloading 19 unused Assets to reduce memory usage. Loaded Objects now: 1819.
Total: 2.163187 ms (FindLiveObjects: 0.208550 ms CreateObjectMapping: 0.048211 ms MarkObjects: 1.798362 ms  DeleteObjects: 0.107123 ms)

========================================================================
Received Import Request.
  path: Assets/Scenes/Level01.unity
  artifactKey: Guid(9066b565c183f4f5e8f95eecf66c8a0e) Importer(815301076,1909f56bfc062723c751e8b465ee728b)
Start importing Assets/Scenes/Level01.unity using Guid(9066b565c183f4f5e8f95eecf66c8a0e) Importer(815301076,1909f56bfc062723c751e8b465ee728b)  -> (artifact id: 'fe474d8e6240f1ccd4adc8a9a9d80547') in 0.011143 seconds
  Import took 0.013748 seconds .

========================================================================
Received Import Request.
  Time since last request: 63.238807 seconds.
  path: Assets/Prefabs
  artifactKey: Guid(9b0026dba11f04ad2ac8eb6bff77e41f) Importer(815301076,1909f56bfc062723c751e8b465ee728b)
Start importing Assets/Prefabs using Guid(9b0026dba11f04ad2ac8eb6bff77e41f) Importer(815301076,1909f56bfc062723c751e8b465ee728b)  -> (artifact id: '24b62440301b13a93307389e1cb8f012') in 0.002761 seconds
  Import took 0.005762 seconds .

========================================================================
Received Import Request.
  Time since last request: 3.289078 seconds.
  path: Assets/Prefabs/Player.prefab
  artifactKey: Guid(99d143d00d3214ab3bb3ca23383a337e) Importer(815301076,1909f56bfc062723c751e8b465ee728b)
Start importing Assets/Prefabs/Player.prefab using Guid(99d143d00d3214ab3bb3ca23383a337e) Importer(815301076,1909f56bfc062723c751e8b465ee728b)  -> (artifact id: '3b82c0ad6333722778c60fa45628292c') in 1.158554 seconds
  Import took 1.161804 seconds .

========================================================================
Received Import Request.
  Time since last request: 857.949792 seconds.
  path: Assets/Scripts
  artifactKey: Guid(deacb9cc23b08451c9cef10c1ff81e6f) Importer(815301076,1909f56bfc062723c751e8b465ee728b)
Start importing Assets/Scripts using Guid(deacb9cc23b08451c9cef10c1ff81e6f) Importer(815301076,1909f56bfc062723c751e8b465ee728b)  -> (artifact id: '20580bf7fde5be56e196f4c497b15c37') in 0.001834 seconds
  Import took 0.005189 seconds .

