Using pre-set license
Built from '2020.3/staging' branch; Version is '2020.3.13f1 (71691879b7f5) revision 7432472'; Using compiler version '192528614'; Build Type 'Release'
OS: 'Windows 10 Home; OS build 19042.1110; Version 2009; 64bit' Language: 'en' Physical Memory: 16310 MB
BatchMode: 1, IsHumanControllingUs: 0, StartBugReporterOnCrash: 0, Is64bit: 1, IsPro: 0

 COMMAND LINE ARGUMENTS:
C:\Program Files\Unity\Hub\Editor\2020.3.13f1\Editor\Unity.exe
-adb2
-batchMode
-noUpm
-name
AssetImportWorker0
-projectPath
C:/Users/ayden/Documents/Code/holbertonschool-unity/0x01-unity_concepts
-logFile
Logs/AssetImportWorker0.log
-srvPort
57253
Successfully changed project path to: C:/Users/ayden/Documents/Code/holbertonschool-unity/0x01-unity_concepts
C:/Users/ayden/Documents/Code/holbertonschool-unity/0x01-unity_concepts
Using Asset Import Pipeline V2.
Refreshing native plugins compatible for Editor in 22.83 ms, found 2 plugins.
Preloading 0 native plugins for Editor in 0.00 ms.
Initialize engine version: 2020.3.13f1 (71691879b7f5)
[Subsystems] Discovering subsystems at path C:/Program Files/Unity/Hub/Editor/2020.3.13f1/Editor/Data/Resources/UnitySubsystems
[Subsystems] Discovering subsystems at path C:/Users/ayden/Documents/Code/holbertonschool-unity/0x01-unity_concepts/Assets
GfxDevice: creating device client; threaded=0
Direct3D:
    Version:  Direct3D 11.0 [level 11.1]
    Renderer: NVIDIA GeForce RTX 3060 (ID=0x2503)
    Vendor:   
    VRAM:     12143 MB
    Driver:   30.0.14.7111
Initialize mono
Mono path[0] = 'C:/Program Files/Unity/Hub/Editor/2020.3.13f1/Editor/Data/Managed'
Mono path[1] = 'C:/Program Files/Unity/Hub/Editor/2020.3.13f1/Editor/Data/MonoBleedingEdge/lib/mono/unityjit'
Mono config path = 'C:/Program Files/Unity/Hub/Editor/2020.3.13f1/Editor/Data/MonoBleedingEdge/etc'
Using monoOptions --debugger-agent=transport=dt_socket,embedding=1,server=y,suspend=n,address=127.0.0.1:56604
Begin MonoManager ReloadAssembly
Registering precompiled unity dll's ...
Register platform support module: C:/Program Files/Unity/Hub/Editor/2020.3.13f1/Editor/Data/PlaybackEngines/WindowsStandaloneSupport/UnityEditor.WindowsStandalone.Extensions.dll
Register platform support module: C:/Program Files/Unity/Hub/Editor/2020.3.13f1/Editor/Data/PlaybackEngines/LinuxStandaloneSupport/UnityEditor.LinuxStandalone.Extensions.dll
Registered in 0.001839 seconds.
Native extension for LinuxStandalone target not found
Native extension for WindowsStandalone target not found
Refreshing native plugins compatible for Editor in 22.34 ms, found 2 plugins.
Preloading 0 native plugins for Editor in 0.00 ms.
Mono: successfully reloaded assembly
- Completed reload, in  1.332 seconds
Platform modules already initialized, skipping
Registering precompiled user dll's ...
Registered in 0.002870 seconds.
Begin MonoManager ReloadAssembly
Native extension for LinuxStandalone target not found
Native extension for WindowsStandalone target not found
Refreshing native plugins compatible for Editor in 0.28 ms, found 2 plugins.
Preloading 0 native plugins for Editor in 0.00 ms.
Mono: successfully reloaded assembly
- Completed reload, in  0.728 seconds
Platform modules already initialized, skipping
========================================================================
Worker process is ready to serve import requests
Launched and connected shader compiler UnityShaderCompiler.exe after 0.03 seconds
Refreshing native plugins compatible for Editor in 0.32 ms, found 2 plugins.
Preloading 0 native plugins for Editor in 0.00 ms.
Unloading 1390 Unused Serialized files (Serialized files now loaded: 0)
System memory in use before: 64.8 MB.
System memory in use after: 64.8 MB.

Unloading 19 unused Assets to reduce memory usage. Loaded Objects now: 1823.
Total: 1.570300 ms (FindLiveObjects: 0.136200 ms CreateObjectMapping: 0.028500 ms MarkObjects: 1.344300 ms  DeleteObjects: 0.060200 ms)

AssetImportParameters requested are different than current active one (requested -> active):
  custom:framework-win-MediaFoundation: 216162199b28c13a410421893ffa2e32 -> 
  custom:video-decoder-ogg-theora: a1e56fd34408186e4bbccfd4996cb3dc -> 
  custom:container-muxer-webm: aa71ff27fc2769a1b78a27578f13a17b -> 
  custom:container-demuxer-webm: 4f35f7cbe854078d1ac9338744f61a02 -> 
  custom:container-demuxer-ogg: 62fdf1f143b41e24485cea50d1cbac27 -> 
  custom:video-encoder-webm-vp8: eb34c28f22e8b96e1ab97ce403110664 -> 
  custom:video-decoder-webm-vp8: 9c59270c3fd7afecdb556c50c9e8de78 -> 
  custom:audio-decoder-ogg-vorbis: bf7c407c2cedff20999df2af8eb42d56 -> 
  custom:audio-encoder-webm-vorbis: bf7c407c2cedff20999df2af8eb42d56 -> 
========================================================================
Received Import Request.
  path: Assets/Materials/ball-blue.mat
  artifactKey: Guid(402f6b45f2c39294eb95d2dc0d477861) Importer(815301076,1909f56bfc062723c751e8b465ee728b)
Start importing Assets/Materials/ball-blue.mat using Guid(402f6b45f2c39294eb95d2dc0d477861) Importer(815301076,1909f56bfc062723c751e8b465ee728b)  -> (artifact id: '5c0bdaddf433685c9866b7d73c017648') in 0.074249 seconds 
  Import took 0.076069 seconds .

========================================================================
Received Import Request.
  Time since last request: 0.000160 seconds.
  path: Assets/Materials/ball-white.mat
  artifactKey: Guid(07859e9cba5728a46869e74e39538628) Importer(815301076,1909f56bfc062723c751e8b465ee728b)
Start importing Assets/Materials/ball-white.mat using Guid(07859e9cba5728a46869e74e39538628) Importer(815301076,1909f56bfc062723c751e8b465ee728b)  -> (artifact id: '0c1bdb29924ec8bf96255ad344a72cc5') in 0.008748 seconds 
  Import took 0.010390 seconds .

========================================================================
Received Import Request.
  Time since last request: 0.000159 seconds.
  path: Assets/Materials/ball-black.mat
  artifactKey: Guid(61c23ac652003db48bd8045502da835c) Importer(815301076,1909f56bfc062723c751e8b465ee728b)
Start importing Assets/Materials/ball-black.mat using Guid(61c23ac652003db48bd8045502da835c) Importer(815301076,1909f56bfc062723c751e8b465ee728b)  -> (artifact id: '01757dc6c8966ca0c2969b1578e30247') in 0.007898 seconds 
  Import took 0.009528 seconds .

========================================================================
Received Import Request.
  Time since last request: 0.000285 seconds.
  path: Assets/Materials/ball-green.mat
  artifactKey: Guid(744f927bcc9f4334bb0fd3c0cb1d2dfa) Importer(815301076,1909f56bfc062723c751e8b465ee728b)
Start importing Assets/Materials/ball-green.mat using Guid(744f927bcc9f4334bb0fd3c0cb1d2dfa) Importer(815301076,1909f56bfc062723c751e8b465ee728b)  -> (artifact id: '11f9e8e47c41ab8c4bf4cfc1cde2ff0e') in 0.009978 seconds 
  Import took 0.011943 seconds .

========================================================================
Received Import Request.
  Time since last request: 22.058824 seconds.
  path: Assets/Scenes/5-more_colors.unity
  artifactKey: Guid(ff12cb8b7401d654d8392625a26be2b4) Importer(815301076,1909f56bfc062723c751e8b465ee728b)
Start importing Assets/Scenes/5-more_colors.unity using Guid(ff12cb8b7401d654d8392625a26be2b4) Importer(815301076,1909f56bfc062723c751e8b465ee728b)  -> (artifact id: '7d70e4adb2c9776a2e21940ef8a8cdd3') in 0.005780 seconds 
  Import took 0.007803 seconds .

========================================================================
Received Import Request.
  Time since last request: 1.248247 seconds.
  path: Assets/Scenes/5-more_colors 1.unity
  artifactKey: Guid(f387914e3dc06834b8b8842283716e3e) Importer(815301076,1909f56bfc062723c751e8b465ee728b)
Start importing Assets/Scenes/5-more_colors 1.unity using Guid(f387914e3dc06834b8b8842283716e3e) Importer(815301076,1909f56bfc062723c751e8b465ee728b)  -> (artifact id: '28753a830e0c341136a42b40aa951eec') in 0.004457 seconds 
  Import took 0.006363 seconds .

========================================================================
Received Import Request.
  Time since last request: 9.510875 seconds.
  path: Assets/Scenes/6-tags.unity
  artifactKey: Guid(ff12cb8b7401d654d8392625a26be2b4) Importer(815301076,1909f56bfc062723c751e8b465ee728b)
Start importing Assets/Scenes/6-tags.unity using Guid(ff12cb8b7401d654d8392625a26be2b4) Importer(815301076,1909f56bfc062723c751e8b465ee728b)  -> (artifact id: 'd502a33c743369fa28b38ee8b6b347b7') in 0.004942 seconds 
  Import took 0.006900 seconds .

========================================================================
Received Import Request.
  Time since last request: 17.790558 seconds.
  path: Assets/Scenes/5-more_colors.unity
  artifactKey: Guid(f387914e3dc06834b8b8842283716e3e) Importer(815301076,1909f56bfc062723c751e8b465ee728b)
Start importing Assets/Scenes/5-more_colors.unity using Guid(f387914e3dc06834b8b8842283716e3e) Importer(815301076,1909f56bfc062723c751e8b465ee728b)  -> (artifact id: 'bac8bb0a5a3f64e38ea41614814a6afc') in 0.001810 seconds 
  Import took 0.003672 seconds .

========================================================================
Received Import Request.
  Time since last request: 6.187273 seconds.
  path: Assets/Scenes/0-floor.unity
  artifactKey: Guid(9fc0d4010bbf28b4594072e72b8655ab) Importer(815301076,1909f56bfc062723c751e8b465ee728b)
Start importing Assets/Scenes/0-floor.unity using Guid(9fc0d4010bbf28b4594072e72b8655ab) Importer(815301076,1909f56bfc062723c751e8b465ee728b)  -> (artifact id: 'c847c4193ff49e6d71157f0af15194a3') in 0.004975 seconds 
  Import took 0.006957 seconds .

========================================================================
Received Import Request.
  Time since last request: 1.088854 seconds.
  path: Assets/Scenes/1-ball.unity
  artifactKey: Guid(f419ec813df5b5949a510c33ff8e64f0) Importer(815301076,1909f56bfc062723c751e8b465ee728b)
Start importing Assets/Scenes/1-ball.unity using Guid(f419ec813df5b5949a510c33ff8e64f0) Importer(815301076,1909f56bfc062723c751e8b465ee728b)  -> (artifact id: 'f3a9b202884933399d281075e3b3dbbc') in 0.004840 seconds 
  Import took 0.006944 seconds .

========================================================================
Received Import Request.
  Time since last request: 38.051953 seconds.
  path: ProjectSettings/TagManager.asset
  artifactKey: Guid(00000000000000003000000000000000) Importer(815301076,1909f56bfc062723c751e8b465ee728b)
Start importing ProjectSettings/TagManager.asset using Guid(00000000000000003000000000000000) Importer(815301076,1909f56bfc062723c751e8b465ee728b)  -> (artifact id: 'ce6a35c3cddc746e7501c0bd0ed6d4ce') in 0.007467 seconds 
  Import took 0.009485 seconds .

========================================================================
Received Prepare
Registering precompiled user dll's ...
Registered in 0.002800 seconds.
Begin MonoManager ReloadAssembly
Native extension for LinuxStandalone target not found
Native extension for WindowsStandalone target not found
Refreshing native plugins compatible for Editor in 0.28 ms, found 2 plugins.
Preloading 0 native plugins for Editor in 0.00 ms.
Mono: successfully reloaded assembly
- Completed reload, in  0.684 seconds
Platform modules already initialized, skipping
Refreshing native plugins compatible for Editor in 0.28 ms, found 2 plugins.
Preloading 0 native plugins for Editor in 0.00 ms.
Unloading 1385 Unused Serialized files (Serialized files now loaded: 0)
System memory in use before: 68.1 MB.
System memory in use after: 68.2 MB.

Unloading 15 unused Assets to reduce memory usage. Loaded Objects now: 1866.
Total: 1.471200 ms (FindLiveObjects: 0.116600 ms CreateObjectMapping: 0.028400 ms MarkObjects: 1.281200 ms  DeleteObjects: 0.044300 ms)

AssetImportParameters requested are different than current active one (requested -> active):
  custom:framework-win-MediaFoundation: 216162199b28c13a410421893ffa2e32 -> 
  custom:video-decoder-ogg-theora: a1e56fd34408186e4bbccfd4996cb3dc -> 
  custom:container-muxer-webm: aa71ff27fc2769a1b78a27578f13a17b -> 
  custom:container-demuxer-webm: 4f35f7cbe854078d1ac9338744f61a02 -> 
  custom:container-demuxer-ogg: 62fdf1f143b41e24485cea50d1cbac27 -> 
  custom:video-encoder-webm-vp8: eb34c28f22e8b96e1ab97ce403110664 -> 
  custom:video-decoder-webm-vp8: 9c59270c3fd7afecdb556c50c9e8de78 -> 
  custom:audio-decoder-ogg-vorbis: bf7c407c2cedff20999df2af8eb42d56 -> 
  custom:audio-encoder-webm-vorbis: bf7c407c2cedff20999df2af8eb42d56 -> 
========================================================================
Received Import Request.
  Time since last request: 44.134164 seconds.
  path: Assets/Scenes/6-tags.unity
  artifactKey: Guid(ff12cb8b7401d654d8392625a26be2b4) Importer(815301076,1909f56bfc062723c751e8b465ee728b)
Start importing Assets/Scenes/6-tags.unity using Guid(ff12cb8b7401d654d8392625a26be2b4) Importer(815301076,1909f56bfc062723c751e8b465ee728b)  -> (artifact id: '6ee8873b1ae783833c468077e373009e') in 0.008053 seconds 
  Import took 0.009965 seconds .

========================================================================
Received Import Request.
  Time since last request: 1.123540 seconds.
  path: Assets/Scenes/6-tags 1.unity
  artifactKey: Guid(4b83e084b14c76f42a284069cff1858f) Importer(815301076,1909f56bfc062723c751e8b465ee728b)
Start importing Assets/Scenes/6-tags 1.unity using Guid(4b83e084b14c76f42a284069cff1858f) Importer(815301076,1909f56bfc062723c751e8b465ee728b)  -> (artifact id: '824a4bc305821901a5576cb51886c41d') in 0.004655 seconds 
  Import took 0.006873 seconds .

========================================================================
Received Import Request.
  Time since last request: 8.123363 seconds.
  path: Assets/Scenes/100-textures.unity
  artifactKey: Guid(4b83e084b14c76f42a284069cff1858f) Importer(815301076,1909f56bfc062723c751e8b465ee728b)
Start importing Assets/Scenes/100-textures.unity using Guid(4b83e084b14c76f42a284069cff1858f) Importer(815301076,1909f56bfc062723c751e8b465ee728b)  -> (artifact id: 'e9899b9c7d234f902bd0faf4f6def017') in 0.005628 seconds 
  Import took 0.007567 seconds .

========================================================================
Received Import Request.
  Time since last request: 77.841755 seconds.
  path: Assets/Textures
  artifactKey: Guid(32f5dee0c8f0ade418c4fa15245ad2f2) Importer(815301076,1909f56bfc062723c751e8b465ee728b)
Start importing Assets/Textures using Guid(32f5dee0c8f0ade418c4fa15245ad2f2) Importer(815301076,1909f56bfc062723c751e8b465ee728b)  -> (artifact id: '0438457e2afcc2451aff8196b5db5031') in 0.005847 seconds 
  Import took 0.007919 seconds .

========================================================================
Received Import Request.
  Time since last request: 78.200326 seconds.
  path: Assets/Textures/New Material.mat
  artifactKey: Guid(ac27a5b78e880104b848ab6fab446dd2) Importer(815301076,1909f56bfc062723c751e8b465ee728b)
Start importing Assets/Textures/New Material.mat using Guid(ac27a5b78e880104b848ab6fab446dd2) Importer(815301076,1909f56bfc062723c751e8b465ee728b)  -> (artifact id: '34a5e8cd2cd16f80f05f28358af0de6b') in 0.039744 seconds 
  Import took 0.041668 seconds .

========================================================================
Received Prepare
Registering precompiled user dll's ...
Registered in 0.098299 seconds.
Begin MonoManager ReloadAssembly
Native extension for LinuxStandalone target not found
Native extension for WindowsStandalone target not found
Refreshing native plugins compatible for Editor in 0.29 ms, found 2 plugins.
Preloading 0 native plugins for Editor in 0.00 ms.
Mono: successfully reloaded assembly
- Completed reload, in  0.747 seconds
Platform modules already initialized, skipping
Refreshing native plugins compatible for Editor in 0.27 ms, found 2 plugins.
Preloading 0 native plugins for Editor in 0.00 ms.
Unloading 1385 Unused Serialized files (Serialized files now loaded: 0)
System memory in use before: 68.1 MB.
System memory in use after: 68.2 MB.

Unloading 14 unused Assets to reduce memory usage. Loaded Objects now: 1870.
Total: 1.490600 ms (FindLiveObjects: 0.130200 ms CreateObjectMapping: 0.032200 ms MarkObjects: 1.289000 ms  DeleteObjects: 0.038600 ms)

AssetImportParameters requested are different than current active one (requested -> active):
  custom:framework-win-MediaFoundation: 216162199b28c13a410421893ffa2e32 -> 
  custom:video-decoder-ogg-theora: a1e56fd34408186e4bbccfd4996cb3dc -> 
  custom:container-muxer-webm: aa71ff27fc2769a1b78a27578f13a17b -> 
  custom:container-demuxer-webm: 4f35f7cbe854078d1ac9338744f61a02 -> 
  custom:container-demuxer-ogg: 62fdf1f143b41e24485cea50d1cbac27 -> 
  custom:video-encoder-webm-vp8: eb34c28f22e8b96e1ab97ce403110664 -> 
  custom:video-decoder-webm-vp8: 9c59270c3fd7afecdb556c50c9e8de78 -> 
  custom:audio-decoder-ogg-vorbis: bf7c407c2cedff20999df2af8eb42d56 -> 
  custom:audio-encoder-webm-vorbis: bf7c407c2cedff20999df2af8eb42d56 -> 
========================================================================
Received Import Request.
  Time since last request: 227.764908 seconds.
  path: Assets/Textures/tree-bark-768x512.jpg
  artifactKey: Guid(e0c44e7410ef1e44b8d2167496f70561) Importer(815301076,1909f56bfc062723c751e8b465ee728b)
Start importing Assets/Textures/tree-bark-768x512.jpg using Guid(e0c44e7410ef1e44b8d2167496f70561) Importer(815301076,1909f56bfc062723c751e8b465ee728b)  -> (artifact id: 'd6af28ed7f924db090706046ff504456') in 0.053119 seconds 
  Import took 0.055267 seconds .

========================================================================
Received Prepare
Registering precompiled user dll's ...
Registered in 0.002725 seconds.
Begin MonoManager ReloadAssembly
Native extension for LinuxStandalone target not found
Native extension for WindowsStandalone target not found
Refreshing native plugins compatible for Editor in 0.28 ms, found 2 plugins.
Preloading 0 native plugins for Editor in 0.00 ms.
Mono: successfully reloaded assembly
- Completed reload, in  0.671 seconds
Platform modules already initialized, skipping
Refreshing native plugins compatible for Editor in 0.28 ms, found 2 plugins.
Preloading 0 native plugins for Editor in 0.00 ms.
Unloading 1385 Unused Serialized files (Serialized files now loaded: 0)
System memory in use before: 68.2 MB.
System memory in use after: 68.3 MB.

Unloading 14 unused Assets to reduce memory usage. Loaded Objects now: 1875.
Total: 1.500900 ms (FindLiveObjects: 0.139000 ms CreateObjectMapping: 0.031900 ms MarkObjects: 1.288400 ms  DeleteObjects: 0.040800 ms)

AssetImportParameters requested are different than current active one (requested -> active):
  custom:framework-win-MediaFoundation: 216162199b28c13a410421893ffa2e32 -> 
  custom:video-decoder-ogg-theora: a1e56fd34408186e4bbccfd4996cb3dc -> 
  custom:container-muxer-webm: aa71ff27fc2769a1b78a27578f13a17b -> 
  custom:container-demuxer-webm: 4f35f7cbe854078d1ac9338744f61a02 -> 
  custom:container-demuxer-ogg: 62fdf1f143b41e24485cea50d1cbac27 -> 
  custom:video-encoder-webm-vp8: eb34c28f22e8b96e1ab97ce403110664 -> 
  custom:video-decoder-webm-vp8: 9c59270c3fd7afecdb556c50c9e8de78 -> 
  custom:audio-decoder-ogg-vorbis: bf7c407c2cedff20999df2af8eb42d56 -> 
  custom:audio-encoder-webm-vorbis: bf7c407c2cedff20999df2af8eb42d56 -> 
========================================================================
Received Import Request.
  Time since last request: 265.488155 seconds.
  path: Assets/Textures/ball-texture.mat
  artifactKey: Guid(ac27a5b78e880104b848ab6fab446dd2) Importer(815301076,1909f56bfc062723c751e8b465ee728b)
Start importing Assets/Textures/ball-texture.mat using Guid(ac27a5b78e880104b848ab6fab446dd2) Importer(815301076,1909f56bfc062723c751e8b465ee728b)  -> (artifact id: 'b75f1661c6dfa314298a72378787f545') in 0.051752 seconds 
  Import took 0.053844 seconds .

========================================================================
Received Import Request.
  Time since last request: 28.728795 seconds.
  path: Assets/Textures/ball-texture.mat
  artifactKey: Guid(ac27a5b78e880104b848ab6fab446dd2) Importer(815301076,1909f56bfc062723c751e8b465ee728b)
Start importing Assets/Textures/ball-texture.mat using Guid(ac27a5b78e880104b848ab6fab446dd2) Importer(815301076,1909f56bfc062723c751e8b465ee728b)  -> (artifact id: '5bf76ed5db369008b2bc46a08daa4f64') in 0.010653 seconds 
  Import took 0.012621 seconds .

========================================================================
Received Import Request.
  Time since last request: 367.032517 seconds.
  path: Assets/Textures/ball-texture.mat
  artifactKey: Guid(ac27a5b78e880104b848ab6fab446dd2) Importer(815301076,1909f56bfc062723c751e8b465ee728b)
Start importing Assets/Textures/ball-texture.mat using Guid(ac27a5b78e880104b848ab6fab446dd2) Importer(815301076,1909f56bfc062723c751e8b465ee728b)  -> (artifact id: 'd87dae0df908cb6fa1739c3eec66d073') in 0.022377 seconds 
  Import took 0.024531 seconds .

========================================================================
Received Prepare
Registering precompiled user dll's ...
Registered in 0.002730 seconds.
Begin MonoManager ReloadAssembly
Native extension for LinuxStandalone target not found
Native extension for WindowsStandalone target not found
Refreshing native plugins compatible for Editor in 0.30 ms, found 2 plugins.
Preloading 0 native plugins for Editor in 0.00 ms.
Mono: successfully reloaded assembly
- Completed reload, in  0.677 seconds
Platform modules already initialized, skipping
Refreshing native plugins compatible for Editor in 0.28 ms, found 2 plugins.
Preloading 0 native plugins for Editor in 0.00 ms.
Unloading 1385 Unused Serialized files (Serialized files now loaded: 0)
System memory in use before: 69.2 MB.
System memory in use after: 69.3 MB.

Unloading 15 unused Assets to reduce memory usage. Loaded Objects now: 1883.
Total: 1.585100 ms (FindLiveObjects: 0.131100 ms CreateObjectMapping: 0.034700 ms MarkObjects: 1.368900 ms  DeleteObjects: 0.049600 ms)

AssetImportParameters requested are different than current active one (requested -> active):
  custom:framework-win-MediaFoundation: 216162199b28c13a410421893ffa2e32 -> 
  custom:video-decoder-ogg-theora: a1e56fd34408186e4bbccfd4996cb3dc -> 
  custom:container-muxer-webm: aa71ff27fc2769a1b78a27578f13a17b -> 
  custom:container-demuxer-webm: 4f35f7cbe854078d1ac9338744f61a02 -> 
  custom:container-demuxer-ogg: 62fdf1f143b41e24485cea50d1cbac27 -> 
  custom:video-encoder-webm-vp8: eb34c28f22e8b96e1ab97ce403110664 -> 
  custom:video-decoder-webm-vp8: 9c59270c3fd7afecdb556c50c9e8de78 -> 
  custom:audio-decoder-ogg-vorbis: bf7c407c2cedff20999df2af8eb42d56 -> 
  custom:audio-encoder-webm-vorbis: bf7c407c2cedff20999df2af8eb42d56 -> 
========================================================================
Received Prepare
Registering precompiled user dll's ...
Registered in 0.002801 seconds.
Begin MonoManager ReloadAssembly
Native extension for LinuxStandalone target not found
Native extension for WindowsStandalone target not found
Refreshing native plugins compatible for Editor in 0.29 ms, found 2 plugins.
Preloading 0 native plugins for Editor in 0.00 ms.
Mono: successfully reloaded assembly
- Completed reload, in  0.677 seconds
Platform modules already initialized, skipping
Refreshing native plugins compatible for Editor in 0.29 ms, found 2 plugins.
Preloading 0 native plugins for Editor in 0.00 ms.
Unloading 1385 Unused Serialized files (Serialized files now loaded: 0)
System memory in use before: 69.2 MB.
System memory in use after: 69.3 MB.

Unloading 14 unused Assets to reduce memory usage. Loaded Objects now: 1886.
Total: 1.470600 ms (FindLiveObjects: 0.118500 ms CreateObjectMapping: 0.028400 ms MarkObjects: 1.281300 ms  DeleteObjects: 0.041300 ms)

AssetImportParameters requested are different than current active one (requested -> active):
  custom:framework-win-MediaFoundation: 216162199b28c13a410421893ffa2e32 -> 
  custom:video-decoder-ogg-theora: a1e56fd34408186e4bbccfd4996cb3dc -> 
  custom:container-muxer-webm: aa71ff27fc2769a1b78a27578f13a17b -> 
  custom:container-demuxer-webm: 4f35f7cbe854078d1ac9338744f61a02 -> 
  custom:container-demuxer-ogg: 62fdf1f143b41e24485cea50d1cbac27 -> 
  custom:video-encoder-webm-vp8: eb34c28f22e8b96e1ab97ce403110664 -> 
  custom:video-decoder-webm-vp8: 9c59270c3fd7afecdb556c50c9e8de78 -> 
  custom:audio-decoder-ogg-vorbis: bf7c407c2cedff20999df2af8eb42d56 -> 
  custom:audio-encoder-webm-vorbis: bf7c407c2cedff20999df2af8eb42d56 -> 
AssetImportWorkerClient::OnTransportError - code=2 error=End of file
